MGT,878,EVANS
MGT,887,EVANS
MGT,887,EVANS
MGT,873,EVANS
MGT,879,EVANS
MGT,891,EVANS
MGT,892,EVANS
MB&B;,500,OML
MCDB,500,OML
MB&B;,545,BASS
MB&B;,601,BASS
MB&B;,630,SHM
MCDB,630,SHM
MB&B;,650,Location unavailable
MB&B;,676,SHM
MB&B;,722,BASS
MB&B;,723,BASS
MB&B;,760,BASS
MB&B;,901,Location unavailable
MB&B;,903,Location unavailable
MB&B;,905,Location unavailable
MB&B;,571,Location unavailable
MCDB,570,ML
MCDB,670,Location unavailable
MCDB,735,KBT
NBIO,504,KBT
NSCI,504,KBT
GENE,743,Location unavailable
MCDB,861,Location unavailable
MCDB,903,KBT
MCDB,951,Location unavailable
MCDB,585,Location unavailable
MCDB,595,Location unavailable
MUSI,812,Location unavailable
MUSI,814,Location unavailable
MUSI,835,Location unavailable
MUSI,865,STOECK
MUSI,900,STOECK
MUSI,915,STOECK
MUSI,930,STOECK
MUSI,999,STOECK
MUSI,914,Location unavailable
AKKD,501,SML
ARBC,505,HGS
ARBC,510,LORIA
ARBC,521,Location unavailable
EGYP,578,Location unavailable
EGYP,580,Location unavailable
HEBR,501,DOW
HEBR,502,HGS
HEBR,516,Location unavailable
HEBR,519,HGS
MESO,508,Location unavailable
NELC,502,LORIA
NELC,592,HGS
NELC,620,HGS
ARCG,623,HGS
WGSS,622,HGS
NELC,831,HGS
NELC,844,HGS
NELC,849,Location unavailable
PERS,501,HGS
PERS,502,HGS
PERS,504,WLH
PERS,589,Location unavailable
TKSH,501,CO493
TKSH,502,CO493
TKSH,503,CO493
TKSH,570,Location unavailable
MESO,559,Location unavailable
MESO,532,Location unavailable
EGYP,501,HGS
EGYP,510,HGS
MGT,532,EVANS
NBIO,500,Location unavailable
NSCI,510,Location unavailable
NBIO,507,SHM
NSCI,507,SHM
NBIO,511,Location unavailable
NBIO,512,Location unavailable
NSCI,512,Location unavailable
NBIO,513,Location unavailable
NSCI,513,Location unavailable
NBIO,580,SHM
NSCI,580,SHM
NBIO,597,Location unavailable
NSCI,597,Location unavailable
NBIO,602,Location unavailable
NSCI,519,Location unavailable
NSCI,521,Location unavailable
PHAR,521,Location unavailable
MGT,625,EVANS
Class 23092 does not exist!
MGT,695,SLB
MGT,663,SLB
MGT,984,HGS
NURS,904,Location unavailable
NURS,907,W-OCN
NURS,911,W-OCN
NURS,913,Location unavailable
NURS,917,W-OCN
NURS,925,W-OCN
NURS,929,W-OCN
NURS,943,W-OCN
PHAR,506,Location unavailable
PHAR,529,Location unavailable
PHIL,570,WLH
PHIL,620,LC
PHIL,625,WLH
PHIL,627,RKZ
PHIL,628,LC
PHIL,635,LC
PHIL,655,LC
PHIL,657,Location unavailable
PLSC,611,Location unavailable
PHIL,658,RKZ
PLSC,616,RKZ
PHIL,701,WLH
PHIL,703,LC
PHIL,706,LC
PHIL,707,SLB
PHIL,750,Location unavailable
PHYS,502,SPL
PHYS,504,JWG
PHYS,512,SPL
PHYS,526,Location unavailable
PHYS,590,Location unavailable
PHYS,608,SPL
PHYS,630,SPL
PHYS,678,SPL
PHYS,688,Location unavailable
PHYS,990,Location unavailable
PLSC,503,PR77
PLSC,505,RKZ
SOCY,508,RKZ
PLSC,518,RKZ
PLSC,540,Location unavailable
PLSC,589,LOM
PLSC,597,WLH
PLSC,630,RKZ
PLSC,696,RKZ
PLSC,734,PR210
SOCY,560,PR210
PLSC,740,RKZ
PLSC,756,Location unavailable
PLSC,760,Location unavailable
PLSC,778,RKZ
PLSC,802,PR77
PLSC,803,PR77
PLSC,810,PR77
PLSC,827,Location unavailable
PLSC,842,SLB
PLSC,852,Location unavailable
PLSC,919,PR77
PLSC,920,RKZ
PLSC,921,RKZ
PLSC,922,RKZ
PLSC,924,LUCE
PLSC,926,RKZ
PLSC,990,Location unavailable
PSYC,728,Location unavailable
PSYC,734,Location unavailable
PSYC,733,Location unavailable
PSYC,519,K
PSYC,531,DL
PSYC,556,K
PSYC,557,TC
PSYC,601,Location unavailable
PSYC,625,SSS
PSYC,630,SLB
PSYC,643,Location unavailable
PSYC,679,Location unavailable
PSYC,684,TM405
PSYC,690,TM405
PSYC,702,K
PSYC,708,K
PSYC,710,K
PSYC,711,CSC
PSYC,720,K
PSYC,721,Location unavailable
PSYC,723,Location unavailable
PSYC,725,Location unavailable
PSYC,729,Location unavailable
PSYC,731,Location unavailable
PSYC,732,Location unavailable
PSYC,735,Location unavailable
PSYC,736,Location unavailable
PSYC,739,CSC
PSYC,741,Location unavailable
PSYC,747,Location unavailable
PSYC,749,Location unavailable
PSYC,766,Location unavailable
PSYC,767,Location unavailable
PSYC,771,Location unavailable
PSYC,775,Location unavailable
PSYC,777,Location unavailable
PSYC,801,Location unavailable
PSYC,802,Location unavailable
PSYC,806,Location unavailable
PSYC,808,Location unavailable
PSYC,809,Location unavailable
PSYC,810,Location unavailable
PSYC,811,Location unavailable
PSYC,812,Location unavailable
PSYC,813,Location unavailable
PSYC,815,Location unavailable
PSYC,816,Location unavailable
PSYC,817,Location unavailable
PSYC,883,Location unavailable
PSYC,920,Location unavailable
PSYC,923,Location unavailable
PSYC,925,Location unavailable
PSYC,930,Location unavailable
RLST,510,HGS
RLST,535,WLH
RLST,557,CO451
RLST,583,RKZ
SAST,567,RKZ
RLST,700,WLH
JDST,756,WLH
RLST,715,LC
RLST,725,SML
JDST,684,SML
RLST,730,CO451
RLST,747,Location unavailable
JDST,780,Location unavailable
RLST,751,CO451
JDST,721,CO451
RLST,752,SML
JDST,727,SML
RLST,772,SML
JDST,760,SML
RLST,820,CO451
JDST,740,CO451
RLST,830,WLH
JDST,830,WLH
RNST,900,Location unavailable
RUSS,608,WLH
RUSS,644,HGS
SLAV,900,Location unavailable
SOCY,511,CO493
SOCY,534,WLH
SOCY,543,CO493
WGSS,629,CO493
SOCY,581,PR204
SOCY,591,Location unavailable
SOCY,595,PR210
SOCY,597,Location unavailable
SOCY,599,Location unavailable
SOCY,602,WLH
SOCY,614,CO493
SOCY,628,PR210
SOCY,632,RKZ
SOCY,653,WLH
PORT,991,Location unavailable
SPAN,620,WLH
SPAN,720,LC
SPAN,790,WLH
SPAN,987,CO493
SPAN,991,Location unavailable
STAT,500,ML
STAT,530,ML
STAT,542,ML
STAT,551,WLH
STAT,600,HLH24
STAT,626,Location unavailable
STAT,627,HLH24
STAT,660,KRN
STAT,674,KRN
STAT,681,HLH24
STAT,690,HLH24
HNDI,520,WLH
HNDI,520,WLH
HNDI,540,WLH
HNDI,540,Location unavailable
HNDI,542,RKZ
HNDI,598,Location unavailable
SKRT,540,TWThF
INDN,520,LC
INDN,520,LC
INDN,520,Location unavailable
INDN,540,LC
INDN,540,LC
INDN,560,LC
INDN,570,Location unavailable
VIET,520,DOW
VIET,540,DOW
VIET,570,Location unavailable
PHIL,708,SLB
ENGL,114,BRW35
ENGL,114,AKW
ENGL,114,LC
ENGL,114,BRW35
ENGL,114,PH
ENGL,114,BRW35
ENGL,114,BRW35
ENGL,114,BRW35
ENGL,114,WALL81
ENGL,114,BRW35
ENGL,114,LC
ENGL,115,BRW35
ENGL,115,WHC
ENGL,115,Location unavailable
ENGL,115,LC
ENGL,120,LC
ENGL,120,Location unavailable
ENGL,120,LC
ENGL,120,WLH
ENGL,120,LC
ENGL,120,LC
ENGL,120,LC
ENGL,120,LC
ENGL,120,Location unavailable
ENGL,120,LC
ENGL,120,BRW35
ENGL,121,LC
ENGL,121,BRW35
ENGL,121,LC
ENGL,121,LC
ENGL,121,WLH
ENGL,121,LC
ENGL,127,LC
ENGL,127,PH
ENGL,130,Location unavailable
ENGL,130,LC
HUMS,199,Location unavailable
HUMS,199,LC
ENGL,126,LC
ENGL,126,LC
LITR,169,Location unavailable
LITR,169,LC
LITR,122,LC
LITR,122,LC
ROMN,120,Location unavailable
PLSC,429,RKZ
PLSC,270,EVANS
LAW,21433,Location unavailable
LAW,21150,Location unavailable
MGT,866,EVANS
WGSS,900,Location unavailable
MUS,540,TBA
MUS,640,TBA
MUS,740,TBA
Class 23343 does not exist!
LAW,50501,Location unavailable
BENG,463,Location unavailable
CENG,320,Location unavailable
REL,686,SDQ
MUS,840,TBA
SOCY,636,PR210
ASTR,620,Location unavailable
PHYS,538,SPL
LING,564,Location unavailable
MCDB,103,LORIA
PHIL,426,LC
HUMS,301,LC
ENGL,248,LC
EVST,325,LC
PHYS,442,SPL
HIST,234,WLH
HSHM,235,WLH
REL,826,SDQ
REL,881,SDQ
PHIL,516,PH
HLTH,333,Location unavailable
ENAS,585,TAC
ROMN,140,Location unavailable
RUSS,313,Location unavailable
HLTH,350,HGS
LAST,353,Location unavailable
REL,3899,Location unavailable
REL,3999,Location unavailable
REL,3699,Location unavailable
HLTH,480,WLH
MUSI,450,STOECK
PSYC,161,LC
LITR,480,CO451
ENVE,202,SCL
AMST,343,CO493
ER&M;,303,CO493
AFAM,269,RKZ
AFAM,030,WLH
REL,946,SDQ
REL,970,SDQ
AFAM,140,LC
CGSC,435,LC
PLSC,457,RKZ
Class 23387 does not exist!
Class 23388 does not exist!
RLST,585,WLH
PLSC,341,RKZ
EP&E;,282,RKZ
PLSC,396,RKZ
GLBL,367,RKZ
PLSC,334,RKZ
PLSC,169,Location unavailable
ENGL,127,LC
UKRN,120,Location unavailable
LAST,357,LC
HIST,134J,DC
HIST,352J,Location unavailable
AFST,647,RKZ
HIST,352,Location unavailable
ANTH,860,SA10
HIST,416J,WLH
EAST,519,LORIA
ENGL,120,LC
AMST,013,WALL81
ER&M;,013,WALL81
FILM,037,WALL81
CPSC,521,AKW
CPSC,532,WLH
CPSC,565,AKW
CPSC,571,AKW
CPSC,579,AKW
CPSC,675,Location unavailable
PSYC,704,K
PLSC,253,Location unavailable
PLSC,253,LC
F&ES;,998,Location unavailable
F&ES;,999,Location unavailable
PSYC,435,LC
CHEM,490,SCL
LAW,21248,Location unavailable
LAW,21744,Location unavailable
RLST,489,Location unavailable
PHYS,523,Location unavailable
MB&B;,523,Location unavailable
ENAS,541,Location unavailable
EVST,258,HGS
MMES,161,HGS
HLTH,140,SSS
BNGL,140,DOW
HNDI,558,RKZ
SNHL,120,Location unavailable
TBTN,120,Location unavailable
UKRN,120,DOW
SNHL,120,Location unavailable
TBTN,120,LUCE
CB&B;,752,BASS
CPSC,752,BASS
MB&B;,752,BASS
MB&B;,753,BASS
MB&B;,754,BASS
MCDB,752,BASS
MCDB,452,BASS
MB&B;,452,BASS
ANTH,948,Location unavailable
ENAS,554,Location unavailable
CPSC,473,Location unavailable
CPSC,473,Location unavailable
LITR,196,LORIA
ER&M;,412,Location unavailable
B&BS;,501,Location unavailable
HSAR,285,LORIA
KHMR,120,DOW
INDN,140,LC
INDN,140,LC
PSYC,742,K
PSYC,743,Location unavailable
REL,3899,Location unavailable
RUSS,682,HGS
HNDI,158,RKZ
SPAN,110,Location unavailable
SPAN,110,Location unavailable
EP&E;,467,WLH
SPAN,243,LC
LAST,243,LC
SPAN,130,WLH
SPAN,130,WLH
RUSS,125,Location unavailable
MUSI,473,Location unavailable
AMST,396,WLH
SPTC,301,Location unavailable
PSYC,579,K
SAST,366,SM
FILM,348,YK220
AMST,493,Location unavailable
AMST,493,HGS
AMST,494,Location unavailable
AMST,494,HGS
ENAS,830,BCT
MGT,416,Location unavailable
MGT,416,Location unavailable
MGT,416,Location unavailable
MGT,416,Location unavailable
MGT,416,Location unavailable
MGT,416,Location unavailable
MGT,416,Location unavailable
MGT,416,Location unavailable
MGT,416,Location unavailable
MGT,416,Location unavailable
MGT,416,Location unavailable
HEBR,501,DOW
HUMS,306,LC
EENG,418,DL
APHY,418,DL
FREN,007,WALL81
HUMS,229,WHC
THST,436,WHC
SAST,360,WLH
REL,868,SDQ
JDST,238,CO451
SWAH,620,Location unavailable
RLST,202,LC
MMES,148,LC
JDST,265,LC
HIST,345,LC
ARCH,162,RDH
MGT,634,Location unavailable
REL,973,SDQ
REL,958,SDQ
REL,640,SDQ
REL,825,SDQ
REL,608,SDQ
AFST,373,WALL81
AFST,348,HGS
HNDI,598,Location unavailable
REL,989,SDQ
ITAL,691,Location unavailable
FREN,140,PH
HIST,242,WLH
PSYC,627,SSS
HIST,238,HLH17
RLST,492,CO451
GMAN,145,WLH
ARCH,4214,LORIA
F&ES;,729,KRN
DRAM,103,Location unavailable
DRAM,6,LC
DRAM,113,Location unavailable
DRAM,113,Location unavailable
DRAM,123,Location unavailable
DRAM,123,Location unavailable
DRAM,133,Location unavailable
DRAM,143,Location unavailable
DRAM,143,Location unavailable
DRAM,163,Location unavailable
DRAM,163,Location unavailable
DRAM,320,Location unavailable
DRAM,340,Location unavailable
DRAM,403,Location unavailable
DRAM,203,Location unavailable
DRAM,213,Location unavailable
DRAM,213,Location unavailable
DRAM,223,Location unavailable
DRAM,223,Location unavailable
DRAM,233,Location unavailable
DRAM,243,Location unavailable
DRAM,263,Location unavailable
DRAM,413,Location unavailable
DRAM,51,Location unavailable
DRAM,303,Location unavailable
DRAM,313,Location unavailable
DRAM,323,Location unavailable
DRAM,373,Location unavailable
DRAM,343,Location unavailable
DRAM,423,Location unavailable
DRAM,433,Location unavailable
DRAM,533,Location unavailable
ARCH,1012,RDH
ARCH,1022,RDH
MGT,842,EVANS
ARCH,2012,RDH
ARCH,2015,LORIA
ARCH,1016,RDH
ARCH,4011,RDH
ARCH,3022,RDH
ARCH,1111,RDH
ARCH,1112,RDH
ARCH,1113,RDH
ARCH,1114,RDH
ARCH,1115,RDH
ARCH,1116,RDH
ARCH,1117,RDH
ARCH,1118,RDH
ARCH,3092,RDH
ARCH,1213,RDH
ARCH,1216,RDH
ARCH,1222,LORIA
ARCH,1226,RDH
ARCH,1227,RDH
ARCH,1228,RDH
ARCH,1230,RDH
ARCH,1235,RDH
ARCH,1238,RDH
ARCH,2216,RDH
ARCH,2219,RDH
ARCH,2226,RDH
ARCH,2230,RDH
ARCH,3214,RDH
ARCH,3217,RDH
ARCH,3220,RDH
ARCH,3224,Location unavailable
ARCH,3225,RDH
ARCH,3228,LORIA
ARCH,3231,RDH
ARCH,3239,RDH
ARCH,3248,RDH
MGT,630,LEPH
ARCH,3259,RDH
MGT,920,Location unavailable
ARCH,3260,RDH
ARCH,3261,RDH
ARCH,4211,RDH
ARCH,4219,RDH
ARCH,4223,BAC
BENG,556,Location unavailable
ARCH,4231,LORIA
ARCH,2022,Location unavailable
ARCH,560,Location unavailable
ARCH,564,Location unavailable
MGT,686,Location unavailable
MGT,685,BOWERS
PSYC,280L,K
PHIL,438,WHC
SOCY,116,LC
EALL,270,TTh
AFAM,265,Th
FILM,423,Th
ASTR,040,WLH
BRST,193,Location unavailable
CLCV,015,WLH
CLCV,020,LC
ECON,463,WLH
FILM,434,W
HLTH,451,LEPH
ECON,472,LUCE
HIST,206,WLH
HSAR,213,LORIA
HSAR,407,LORIA
HSHM,465,HGS
WGSS,457,HGS
RLST,218,WLH
PLSC,254,WLH
SOCY,386,RKZ
MUSI,480,STOECK
HSAR,270,LORIA
HSAR,450,LORIA
HIST,426J,WHC
HIST,139J,HGS
HSHM,467,HGS
HIST,140J,HGS
LATN,453,PH
PHIL,409,LC
PLSC,348,RKZ
SAST,343,RKZ
HSAR,494,W
LAW,21208,Location unavailable
RLST,164,CO451
HUMS,317,CO451
CHNS,120,YK220
GMAN,145,Location unavailable
HLTH,592,Location unavailable
HSAR,678,LORIA
LATN,753,PH
MUSI,580,STOECK
PHIL,609,LC
WGSS,361,CO493
PHIL,638,WHC
ART,524,GREEN
ART,545,Location unavailable
ART,550,GREEN
ART,573,GREEN
ART,630,EDG36
ART,645,Location unavailable
ART,649,EDG36
ART,710,GREEN
ART,720,GREEN
ART,730,GREEN
ART,739,GREEN
ART,741,GREEN
ART,742,GREEN
ART,762,Location unavailable
ART,824,GREEN
ART,825,GREEN
ART,828,GREEN
ART,845,GREEN
ART,951,EDG36
ART,961,GREEN
ART,653,EDG36
ART,662,EDG36
PHIL,639,Location unavailable
PLSC,236,RKZ
MCDB,261,KBT
ITAL,101,Location unavailable
EENG,437,HLH17
AMTH,437,HLH17
REL,593,WLH
REL,587,SDQ
REL,565,SDQ
REL,649,SDQ
REL,637,SDQ
REL,614,SDQ
REL,930,SDQ
REL,822,SDQ
INDN,120,LC
PHYS,060,Location unavailable
APHY,060,Location unavailable
ENAS,060,Location unavailable
REL,828,SDQ
REL,963,SDQ
REL,688,SDQ
REL,693,SDQ
REL,596,SDQ
BENG,100,HLH17
JDST,319,HGS
PHYS,100,AKW
APHY,100,AKW
ENAS,100,AKW
SPAN,504,BASSLB
ENAS,530,HLH17
ENAS,564,MEC
ENAS,745,Location unavailable
ENAS,789,DL
RLST,921,CO451
RLST,622,SDQ
MGT,690,Location unavailable
RLST,961,Location unavailable
RLST,962,Location unavailable
RLST,963,Location unavailable
RLST,964,Location unavailable
RLST,965,Location unavailable
RLST,966,Location unavailable
RLST,967,Location unavailable
RLST,968,Location unavailable
RLST,969,Location unavailable
RLST,970,Location unavailable
REL,611,SDQ
DRAM,89,YK149
DRAM,102,PK205
DRAM,112,Location unavailable
DRAM,114,Location unavailable
DRAM,115,YK149
DRAM,122,Location unavailable
DRAM,124,PK205
DRAM,132,Location unavailable
DRAM,134,Location unavailable
DRAM,135,Location unavailable
DRAM,142,Location unavailable
ECON,412,HLH17
DRAM,152,YK149
DRAM,162,Location unavailable
DRAM,164,Location unavailable
DRAM,172,Location unavailable
DRAM,174,Location unavailable
DRAM,189,Location unavailable
DRAM,222,Location unavailable
DRAM,224,PK205
DRAM,234,PK205
DRAM,244,Location unavailable
DRAM,248,Location unavailable
DRAM,334,Location unavailable
DRAM,344,Location unavailable
DRAM,489,Location unavailable
DRAM,118,Location unavailable
DRAM,128,Location unavailable
DRAM,138,PK205
DRAM,158,PK205
DRAM,169,Location unavailable
DRAM,188,Location unavailable
DRAM,218,Location unavailable
DRAM,258,PK205
DRAM,278,PK205
DRAM,288,Location unavailable
DRAM,318,Location unavailable
DRAM,358,Location unavailable
DRAM,388,Location unavailable
DRAM,428,PK205
DRAM,110,Location unavailable
DRAM,120,Location unavailable
DRAM,130,Location unavailable
DRAM,140,Location unavailable
DRAM,330,Location unavailable
DRAM,360,Location unavailable
LAW,21430,Location unavailable
DRAM,69,Location unavailable
DRAM,99,Location unavailable
DRAM,109,CR305
DRAM,119,Location unavailable
DRAM,129,YK222
DRAM,179,Location unavailable
DRAM,199,Location unavailable
DRAM,209,YK222
DRAM,249,PK205
DRAM,279,Location unavailable
DRAM,359,Location unavailable
DRAM,379,Location unavailable
DRAM,389,YK149
DRAM,399,Location unavailable
DRAM,409,Location unavailable
DRAM,419,Location unavailable
DRAM,111,CR305
DRAM,121,PK217
DRAM,141,YK222
DRAM,151,Location unavailable
DRAM,161,F
DRAM,181,PK217
RSEE,415,YK220
RUSS,415,YK220
ECON,411,HLH17
DRAM,191,CR305
DRAM,201,Location unavailable
DRAM,221,CR305
DRAM,231,Location unavailable
DRAM,251,Location unavailable
DRAM,281,Location unavailable
DRAM,301,Location unavailable
DRAM,96,Location unavailable
DRAM,166,Location unavailable
DRAM,166,Location unavailable
DRAM,166,Location unavailable
DRAM,296,Location unavailable
DRAM,336,Location unavailable
DRAM,346,Location unavailable
DRAM,396,Location unavailable
DRAM,466,PK217
DRAM,486,YK222
THST,421,YUAG
AFST,426,YUAG
HSAR,708,LORIA
HSAR,586,LORIA
HSAR,739,LORIA
DRAM,176,CR305
HIST,364J,LORIA
RLST,300,WLH
NURS,501,Location unavailable
NURS,503,T
NURS,504,W
NURS,507,Location unavailable
NURS,509,T
NURS,514,Location unavailable
NURS,515,Location unavailable
NURS,518,Location unavailable
NURS,519,Location unavailable
NURS,520,Location unavailable
LAW,21525,Location unavailable
NURS,521,T
NURS,527,Location unavailable
NURS,550,Location unavailable
NURS,556,Location unavailable
NURS,556,Location unavailable
NURS,556,Location unavailable
NURS,557,Location unavailable
NURS,565,Su
NURS,580,Location unavailable
NURS,580,Location unavailable
NURS,580,Location unavailable
LAW,21231,Location unavailable
HIST,872,SML
DRAM,27,Location unavailable
DRAM,37,Location unavailable
DRAM,67,Location unavailable
DRAM,87,Location unavailable
DRAM,97,Location unavailable
DRAM,107,Location unavailable
LAW,21467,Location unavailable
DRAM,157,Location unavailable
DRAM,207,Location unavailable
DRAM,40,Location unavailable
DRAM,60,Location unavailable
DRAM,100,Location unavailable
DRAM,200,Location unavailable
DRAM,300,Location unavailable
DRAM,400,Location unavailable
DRAM,700,Location unavailable
MATH,170,LOM
CHEM,700,SCL
CHEM,741,SCL
CHEM,751,SCL
CHEM,761,SCL
NURS,581,Location unavailable
NURS,582,Location unavailable
NURS,582,Location unavailable
NURS,582,Location unavailable
NURS,583,Location unavailable
NURS,607,Location unavailable
NURS,611,Location unavailable
NURS,612,Location unavailable
NURS,615,Location unavailable
NURS,632,Location unavailable
NURS,632,Location unavailable
HSAR,740,BRBL
F&ES;,505,KRN
F&ES;,552,KRN
F&ES;,576,EDW380
F&ES;,577,BOWERS
F&ES;,578,BOWERS
F&ES;,600,Location unavailable
F&ES;,650,MARSH
F&ES;,651,MARSH
LAW,21733,Location unavailable
NURS,635,Location unavailable
NURS,640,Location unavailable
NURS,641,Location unavailable
NURS,643,Location unavailable
NURS,654,Location unavailable
F&ES;,655,MARSH
F&ES;,656,MARSH
F&ES;,659,KRN
F&ES;,670,Location unavailable
F&ES;,668,Location unavailable
F&ES;,703,KRN
F&ES;,707,ESC
F&ES;,710,S
F&ES;,724,BOWERS
F&ES;,725,EDW380
F&ES;,726,ESC
F&ES;,733,KRN
Class 23909 does not exist!
F&ES;,734,OML
F&ES;,739,S
F&ES;,744,S
F&ES;,746,KRN
NURS,656,Location unavailable
NURS,658,Location unavailable
NURS,661,Location unavailable
NURS,663,Location unavailable
NURS,712,Location unavailable
NURS,733,Location unavailable
NURS,735,Location unavailable
NURS,752,Location unavailable
NURS,753,Location unavailable
NURS,756,Location unavailable
NURS,756,Location unavailable
NURS,756,Location unavailable
NURS,756,Location unavailable
NURS,768,Location unavailable
NURS,757,Location unavailable
NURS,780,Location unavailable
NURS,802,Location unavailable
NURS,803,Location unavailable
NURS,804,Location unavailable
NURS,810,Location unavailable
NURS,817,Location unavailable
NURS,819,Location unavailable
JAPN,120,RKZ
JAPN,120,Location unavailable
ART,385,YK220
NURS,826,Location unavailable
NURS,827,Location unavailable
NURS,830,Location unavailable
NURS,830,Location unavailable
F&ES;,751,MARSH
F&ES;,755,S
F&ES;,758,KRN
F&ES;,761,KRN
F&ES;,765,KRN
F&ES;,774,LC
F&ES;,775,KRN
F&ES;,779,PR77
EALL,824,SML
F&ES;,780,PR301
NURS,833,Location unavailable
NURS,834,Location unavailable
NURS,845,Location unavailable
NURS,845,Location unavailable
NURS,851,Location unavailable
NURS,854,Location unavailable
NURS,854,Location unavailable
NURS,859,Location unavailable
NURS,861,Location unavailable
NURS,865,Location unavailable
NURS,878,Location unavailable
NURS,879,Location unavailable
NURS,895,Location unavailable
NURS,897,Location unavailable
NURS,897,Location unavailable
MGT,420,Location unavailable
NURS,897,Location unavailable
MGT,422,Location unavailable
MGT,425,Location unavailable
NURS,897,Location unavailable
MGT,413,Location unavailable
MGT,421,Location unavailable
MGT,871,Location unavailable
MGT,856,Location unavailable
MGT,430,Location unavailable
MGT,699,Location unavailable
MGT,415,Location unavailable
MGT,811,Location unavailable
MGT,623,Location unavailable
MGT,867,Location unavailable
MGT,525,Location unavailable
MGT,690,Location unavailable
MGT,691,Location unavailable
NURS,945,W-OCN
NURS,957,Location unavailable
NURS,963,Location unavailable
NURS,977,Location unavailable
NURS,981,Su
NURS,981,Location unavailable
NURS,981,Location unavailable
HIST,763,HGS
AMST,649,HGS
DRAM,411,Location unavailable
DRAM,411,Location unavailable
DRAM,411,Location unavailable
DRAM,411,Location unavailable
DRAM,411,Location unavailable
